<?xml version="1.0" encoding="UTF-8"?>
<testng-results ignored="0" total="1" passed="1" failed="0" skipped="0">
  <reporter-output>
  </reporter-output>
  <suite started-at="2023-05-24T09:13:54 ICT" name="Default suite" finished-at="2023-05-24T09:14:01 ICT" duration-ms="7426">
    <groups>
    </groups>
    <test started-at="2023-05-24T09:13:54 ICT" name="Default test" finished-at="2023-05-24T09:14:01 ICT" duration-ms="7426">
      <class name="usingAnnotation.testcases.LoginGitHubTestCase">
        <test-method signature="allowSetDataForEmailAndPasswordField()[pri:0, instance:usingAnnotation.testcases.LoginGitHubTestCase@3972a855]" started-at="2023-05-24T09:13:54 ICT" name="allowSetDataForEmailAndPasswordField" finished-at="2023-05-24T09:14:01 ICT" duration-ms="7400" status="PASS">
          <reporter-output>
          </reporter-output>
        </test-method> <!-- allowSetDataForEmailAndPasswordField -->
      </class> <!-- usingAnnotation.testcases.LoginGitHubTestCase -->
    </test> <!-- Default test -->
  </suite> <!-- Default suite -->
</testng-results>
